\BOOKMARK [1][-]{section.1}{Problem Set 1: Convex Sets}{}% 1
\BOOKMARK [2][-]{subsection.1.1}{Problem 2.5}{section.1}% 2
\BOOKMARK [2][-]{subsection.1.2}{Problem 2.7}{section.1}% 3
\BOOKMARK [2][-]{subsection.1.3}{Problem 2.12}{section.1}% 4
\BOOKMARK [3][-]{subsubsection.1.3.1}{\(a\) - Slab}{subsection.1.3}% 5
\BOOKMARK [3][-]{subsubsection.1.3.2}{\(b\) - Rectangle/Hyperrectangle}{subsection.1.3}% 6
\BOOKMARK [3][-]{subsubsection.1.3.3}{\(c\) - Wedge}{subsection.1.3}% 7
\BOOKMARK [3][-]{subsubsection.1.3.4}{\(d\) - Closer to a point then a set}{subsection.1.3}% 8
\BOOKMARK [3][-]{subsubsection.1.3.5}{\(e\) - Closer to a set then another set}{subsection.1.3}% 9
\BOOKMARK [3][-]{subsubsection.1.3.6}{\(f\) - Set of the sum being within a convex set}{subsection.1.3}% 10
\BOOKMARK [3][-]{subsubsection.1.3.7}{\(g\) - Set with weighted distances to two points}{subsection.1.3}% 11
\BOOKMARK [2][-]{subsection.1.4}{Problem 2.28}{section.1}% 12
\BOOKMARK [2][-]{subsection.1.5}{Problem 2.33}{section.1}% 13
\BOOKMARK [3][-]{subsubsection.1.5.1}{Part a}{subsection.1.5}% 14
\BOOKMARK [3][-]{subsubsection.1.5.2}{Part b}{subsection.1.5}% 15
\BOOKMARK [1][-]{section.2}{Problem Set 2: Convex Functions}{}% 16
\BOOKMARK [2][-]{subsection.2.1}{Problem 3.6}{section.2}% 17
\BOOKMARK [3][-]{subsubsection.2.1.1}{\(a\) - Epigraph of a halfspace}{subsection.2.1}% 18
\BOOKMARK [3][-]{subsubsection.2.1.2}{\(b\) - Epigraph of a convex cone}{subsection.2.1}% 19
\BOOKMARK [3][-]{subsubsection.2.1.3}{\(c\) - Epigraph of a polyhedron}{subsection.2.1}% 20
\BOOKMARK [2][-]{subsection.2.2}{Problem 3.16}{section.2}% 21
\BOOKMARK [3][-]{subsubsection.2.2.1}{\(a\) - ex - 1}{subsection.2.2}% 22
\BOOKMARK [3][-]{subsubsection.2.2.2}{\(b\) - x1 x2}{subsection.2.2}% 23
\BOOKMARK [3][-]{subsubsection.2.2.3}{\(c\) - 1/\(x1 x2\)}{subsection.2.2}% 24
\BOOKMARK [3][-]{subsubsection.2.2.4}{\(d\) - x1/x2}{subsection.2.2}% 25
\BOOKMARK [2][-]{subsection.2.3}{\(e\) - x12 / x2}{section.2}% 26
\BOOKMARK [2][-]{subsection.2.4}{\(f\) - x1x21-}{section.2}% 27
\BOOKMARK [2][-]{subsection.2.5}{Problem 3.18a}{section.2}% 28
\BOOKMARK [2][-]{subsection.2.6}{Problem 3.22}{section.2}% 29
\BOOKMARK [3][-]{subsubsection.2.6.1}{\(a\) - double log functions}{subsection.2.6}% 30
\BOOKMARK [3][-]{subsubsection.2.6.2}{\(b\) - square root of some product sum}{subsection.2.6}% 31
\BOOKMARK [3][-]{subsubsection.2.6.3}{\(c\) - log of some product sum}{subsection.2.6}% 32
\BOOKMARK [3][-]{subsubsection.2.6.4}{\(d\) - complicated root of a powered sum and norm}{subsection.2.6}% 33
\BOOKMARK [3][-]{subsubsection.2.6.5}{\(e\) - complicated log of a powered sum and norm}{subsection.2.6}% 34
